"../../../Engine/Content/Functions/Engine_MaterialFunctions02/Utility/BlendAngleCorrectedNormals.uasset" 0
"../../../Engine/Content/Functions/MaterialLayerFunctions/MatLayerBlend_NormalBlend.uasset" 1
"../../../Engine/Content/Functions/MaterialLayerFunctions/MatLayerBlend_Simple.uasset" 2
"../../../CainConsequence/Content/FirstPerson/Character/Materials/MaterialLayers/T_ML_Rubber_Blue_01_D.uasset" 3
"../../../CainConsequence/Content/FirstPerson/Character/Materials/MaterialLayers/T_ML_Rubber_Blue_01_N.uasset" 4
"../../../CainConsequence/Content/FirstPerson/Character/Materials/MaterialLayers/ML_GlossyBlack_Latex_UE4.uasset" 5
"../../../CainConsequence/Content/FirstPerson/Character/Materials/MaterialLayers/ML_Plastic_Shiny_Beige.uasset" 6
"../../../CainConsequence/Content/FirstPerson/Character/Textures/UE4_LOGO_CARD.uasset" 7
"../../../CainConsequence/Content/FirstPerson/Character/Materials/MaterialLayers/ML_Plastic_Shiny_Beige_LOGO.uasset" 8
"../../../CainConsequence/Content/FirstPerson/Character/Materials/MaterialLayers/T_ML_Aluminum01.uasset" 9
"../../../CainConsequence/Content/FirstPerson/Character/Materials/MaterialLayers/T_ML_Aluminum01_N.uasset" 10
"../../../CainConsequence/Content/FirstPerson/Character/Materials/MaterialLayers/ML_SoftMetal_UE4.uasset" 11
"../../../CainConsequence/Content/FirstPerson/Character/Textures/UE4_Mannequin__normals.uasset" 12
"../../../CainConsequence/Content/FirstPerson/Character/Textures/UE4_Mannequin_MAT_MASKA.uasset" 13
"../../../CainConsequence/Content/FirstPerson/Character/Materials/M_UE4Man_Body.uasset" 14
"../../../CainConsequence/Content/FirstPerson/Character/Mesh/SK_Mannequin_Arms_PhysicsAsset.uasset" 15
"../../../CainConsequence/Content/FirstPerson/Character/Mesh/SK_Mannequin_Arms.uasset" 16
"../../../CainConsequence/Content/FirstPerson/Character/Mesh/SK_Mannequin_Arms_Skeleton.uasset" 17
"../../../CainConsequence/Content/FirstPerson/Animations/FirstPerson_Idle.uasset" 18
"../../../CainConsequence/Content/FirstPerson/Animations/FirstPerson_JumpEnd.uasset" 19
"../../../CainConsequence/Content/FirstPerson/Animations/FirstPerson_JumpLoop.uasset" 20
"../../../CainConsequence/Content/FirstPerson/Animations/FirstPerson_JumpStart.uasset" 21
"../../../CainConsequence/Content/FirstPerson/Animations/FirstPerson_Run.uasset" 22
"../../../Engine/Content/EditorBlueprintResources/StandardMacros.uasset" 23
"../../../CainConsequence/Content/FirstPerson/Animations/FirstPerson_AnimBP.uasset" 24
"../../../CainConsequence/Content/FirstPerson/Animations/FirstPerson_Fire.uasset" 25
"../../../CainConsequence/Content/FirstPerson/Animations/FirstPersonFire_Montage.uasset" 26
"../../../CainConsequence/Content/Mannequin/Character/Materials/MaterialLayers/T_ML_Rubber_Blue_01_D.uasset" 27
"../../../CainConsequence/Content/Mannequin/Character/Materials/MaterialLayers/T_ML_Rubber_Blue_01_N.uasset" 28
"../../../CainConsequence/Content/Mannequin/Character/Materials/MaterialLayers/ML_GlossyBlack_Latex_UE4.uasset" 29
"../../../CainConsequence/Content/Mannequin/Character/Materials/MaterialLayers/ML_Plastic_Shiny_Beige.uasset" 30
"../../../CainConsequence/Content/Mannequin/Character/Textures/UE4_LOGO_CARD.uasset" 31
"../../../CainConsequence/Content/Mannequin/Character/Materials/MaterialLayers/ML_Plastic_Shiny_Beige_LOGO.uasset" 32
"../../../CainConsequence/Content/Mannequin/Character/Materials/MaterialLayers/T_ML_Aluminum01.uasset" 33
"../../../CainConsequence/Content/Mannequin/Character/Materials/MaterialLayers/T_ML_Aluminum01_N.uasset" 34
"../../../CainConsequence/Content/Mannequin/Character/Materials/MaterialLayers/ML_SoftMetal_UE4.uasset" 35
"../../../CainConsequence/Content/Mannequin/Character/Textures/UE4_Mannequin__normals.uasset" 36
"../../../CainConsequence/Content/Mannequin/Character/Textures/UE4_Mannequin_MAT_MASKA.uasset" 37
"../../../CainConsequence/Content/Mannequin/Character/Materials/M_UE4Man_Body.uasset" 38
"../../../CainConsequence/Content/Mannequin/Character/Textures/UE4Man_Logo_N.uasset" 39
"../../../CainConsequence/Content/Mannequin/Character/Materials/M_UE4Man_ChestLogo.uasset" 40
"../../../CainConsequence/Content/Mannequin/Character/Mesh/SK_Mannequin_PhysicsAsset.uasset" 41
"../../../CainConsequence/Content/Mannequin/Character/Mesh/SK_Mannequin.uasset" 42
"../../../CainConsequence/Content/Mannequin/Character/Mesh/UE4_Mannequin_Skeleton.uasset" 43
"../../../CainConsequence/Content/Mannequin/Animations/ThirdPersonIdle.uasset" 44
"../../../CainConsequence/Content/FirstPersonBP/Blueprints/ActionInterface.uasset" 45
"../../../CainConsequence/Content/UMG/InventorySlot.uasset" 46
"../../../CainConsequence/Content/FirstPersonBP/Blueprints/InventoryStruct.uasset" 47
"../../../CainConsequence/Content/UMG/GameHUD.uasset" 48
"../../../CainConsequence/Content/FirstPerson/Meshes/BaseMaterial.uasset" 49
"../../../CainConsequence/Content/FirstPerson/Meshes/FirstPersonProjectileMaterial.uasset" 50
"../../../CainConsequence/Content/FirstPerson/Meshes/FirstPersonProjectileMesh.uasset" 51
"../../../CainConsequence/Content/FirstPersonBP/Blueprints/FirstPersonProjectile.uasset" 52
"../../../CainConsequence/Content/FirstPerson/Audio/FirstPersonTemplateWeaponFire02.uasset" 53
"../../../CainConsequence/Content/FirstPerson/FPWeapon/Materials/MaterialLayers/T_ML_Rubber_Blue_01_D.uasset" 54
"../../../CainConsequence/Content/FirstPerson/FPWeapon/Materials/MaterialLayers/T_ML_Rubber_Blue_01_N.uasset" 55
"../../../CainConsequence/Content/FirstPerson/FPWeapon/Materials/MaterialLayers/ML_GlossyBlack_Latex_UE4.uasset" 56
"../../../CainConsequence/Content/FirstPerson/FPWeapon/Materials/MaterialLayers/ML_Plastic_Shiny_Beige.uasset" 57
"../../../CainConsequence/Content/FirstPerson/FPWeapon/Materials/MaterialLayers/ML_Screen.uasset" 58
"../../../CainConsequence/Content/FirstPerson/FPWeapon/Materials/MaterialLayers/T_ML_Aluminum01.uasset" 59
"../../../CainConsequence/Content/FirstPerson/FPWeapon/Materials/MaterialLayers/T_ML_Aluminum01_N.uasset" 60
"../../../CainConsequence/Content/FirstPerson/FPWeapon/Materials/MaterialLayers/ML_SoftMetal_UE4.uasset" 61
"../../../CainConsequence/Content/FirstPerson/FPWeapon/Textures/T_FPGun_M.uasset" 62
"../../../CainConsequence/Content/FirstPerson/FPWeapon/Textures/T_FPGun_N.uasset" 63
"../../../CainConsequence/Content/FirstPerson/FPWeapon/Materials/M_FPGun.uasset" 64
"../../../CainConsequence/Content/FirstPerson/FPWeapon/Mesh/SK_FPGun_Skeleton.uasset" 65
"../../../CainConsequence/Content/FirstPerson/FPWeapon/Mesh/SK_FPGun.uasset" 66
"../../../CainConsequence/Content/FPS_Assets_MuscularA_ue4/muscularA_Body_diffuse.uasset" 67
"../../../CainConsequence/Content/FPS_Assets_MuscularA_ue4/muscularA_Body_normal.uasset" 68
"../../../CainConsequence/Content/FPS_Assets_MuscularA_ue4/muscularA_Body_specular.uasset" 69
"../../../CainConsequence/Content/FPS_Assets_MuscularA_ue4/pasted__Bodymat1.uasset" 70
"../../../CainConsequence/Content/FPS_Assets_MuscularA_ue4/muscularA_ue4_frontarms_PhysicsAsset.uasset" 71
"../../../CainConsequence/Content/FPS_Assets_MuscularA_ue4/muscularA_ue4_frontarms_Skeleton.uasset" 72
"../../../CainConsequence/Content/FPS_Assets_MuscularA_ue4/muscularA_ue4_frontarms.uasset" 73
"../../../CainConsequence/Content/FirstPersonBP/Blueprints/FirstPersonCharacter.uasset" 74
"../../../Engine/Content/EngineSky/C_Sky_Cloud_Color.uasset" 75
"../../../Engine/Content/EngineSky/C_Sky_Horizon_Color.uasset" 76
"../../../Engine/Content/EngineSky/C_Sky_Zenith_Color.uasset" 77
"../../../Engine/Content/EngineSky/T_Sky_Blue.uasset" 78
"../../../Engine/Content/EngineSky/T_Sky_Clouds_M.uasset" 79
"../../../Engine/Content/EngineSky/T_Sky_Stars.uasset" 80
"../../../Engine/Content/EngineSky/SM_SkySphere.uasset" 81
"../../../Engine/Content/EngineSky/M_Sky_Panning_Clouds2.uasset" 82
"../../../Engine/Content/EngineSky/BP_Sky_Sphere.uasset" 83
"../../../Engine/Content/BasicShapes/BasicShapeMaterial.uasset" 84
"../../../CainConsequence/Content/UMG/PickupText.uasset" 85
"../../../Engine/Content/Functions/Engine_MaterialFunctions01/Opacity/CameraDepthFade.uasset" 86
"../../../Engine/Content/EngineMaterials/T_Default_Material_Grid_M.uasset" 87
"../../../Engine/Content/EngineMaterials/T_Default_Material_Grid_N.uasset" 88
"../../../Engine/Content/EngineMaterials/DefaultMaterial.uasset" 89
"../../../Engine/Content/BasicShapes/Sphere.uasset" 90
"../../../CainConsequence/Content/StarterContent/StarterContent/Shapes/Shape_Cylinder.uasset" 91
"../../../CainConsequence/Content/StarterContent/Textures/pill.uasset" 92
"../../../CainConsequence/Content/FirstPersonBP/Blueprints/CanPickup.uasset" 93
"../../../Engine/Content/EngineFonts/RobotoDistanceField.uasset" 94
"../../../Engine/Content/Functions/Engine_MaterialFunctions03/Procedurals/ComputeFilterWidth.uasset" 95
"../../../Engine/Content/EngineMaterials/AntiAliasedTextMaterialTranslucent.uasset" 96
"../../../Engine/Content/EngineMaterials/WorldGridMaterial.uasset" 97
"../../../CainConsequence/Content/StarterContent/Textures/T_CobbleStone_Pebble_D.uasset" 98
"../../../CainConsequence/Content/StarterContent/Textures/T_CobbleStone_Pebble_M.uasset" 99
"../../../CainConsequence/Content/StarterContent/Textures/T_CobbleStone_Pebble_N.uasset" 100
"../../../CainConsequence/Content/StarterContent/Textures/T_MacroVariation.uasset" 101
"../../../CainConsequence/Content/StarterContent/Materials/M_CobbleStone_Pebble.uasset" 102
"../../../CainConsequence/Content/FirstPerson/Meshes/CubeMaterialOverride.uasset" 103
"../../../Engine/Content/BasicShapes/Cube.uasset" 104
"../../../CainConsequence/Content/Geometry/Meshes/CubeMaterial.uasset" 105
"../../../CainConsequence/Content/Geometry/Meshes/1M_Cube.uasset" 106
"../../../CainConsequence/Content/FirstPersonBP/Maps/FirstPersonExampleMap.umap" 107
"../../../CainConsequence/Content/Mannequin/Animations/ThirdPerson_Jump.uasset" 108
"../../../CainConsequence/Content/Mannequin/Animations/ThirdPersonJump_Loop.uasset" 109
"../../../CainConsequence/Content/Mannequin/Animations/ThirdPersonJump_Start.uasset" 110
"../../../CainConsequence/Content/Mannequin/Animations/ThirdPersonRun.uasset" 111
"../../../CainConsequence/Content/Mannequin/Animations/ThirdPersonWalk.uasset" 112
"../../../CainConsequence/Content/Mannequin/Animations/ThirdPerson_IdleRun_2D.uasset" 113
"../../../CainConsequence/Content/Mannequin/Animations/ThirdPerson_AnimBP.uasset" 114
"../../../CainConsequence/Content/StarterContent/Summeron_2.uasset" 115
"../../../CainConsequence/Content/StarterContent/Widget/TBC.uasset" 116
"../../../CainConsequence/Content/StarterContent/Data/DialogueBD.uasset" 117
"../../../CainConsequence/Content/StarterContent/Dialogues/ConvenienceStore1.uasset" 118
"../../../CainConsequence/Content/StarterContent/Dialogues/ConvenienceStore2.uasset" 119
"../../../CainConsequence/Content/StarterContent/Dialogues/FirstLevel.uasset" 120
"../../../CainConsequence/Content/FirstPersonBP/Blueprints/LevelStorage.uasset" 121
"../../../CainConsequence/Content/ThirdPersonBP/Blueprints/DialogueController.uasset" 122
"../../../CainConsequence/Content/StarterContent/98bottles.uasset" 123
"../../../CainConsequence/Content/StarterContent/Widget/Interact.uasset" 124
"../../../CainConsequence/Content/ThirdPersonBP/Blueprints/DialogBot.uasset" 125
"../../../CainConsequence/Content/Textures/T_Metal_Rust_D.uasset" 126
"../../../CainConsequence/Content/Textures/T_Metal_Rust_N.uasset" 127
"../../../CainConsequence/Content/Textures/T_Metal_Rust_Mat.uasset" 128
"../../../CainConsequence/Content/GTFreeMaterials/Textures/Concrete_FlatSurface/Concrete_FlatSurface_2k_alb.uasset" 129
"../../../CainConsequence/Content/GTFreeMaterials/Textures/Concrete_FlatSurface/Concrete_FlatSurface_2k_n.uasset" 130
"../../../CainConsequence/Content/GTFreeMaterials/Textures/Concrete_Square/Concrete_Square_2k_ao.uasset" 131
"../../../CainConsequence/Content/GTFreeMaterials/Textures/Concrete_Square/Concrete_Square_2k_h.uasset" 132
"../../../CainConsequence/Content/GTFreeMaterials/Textures/T_MacroVariation2.uasset" 133
"../../../CainConsequence/Content/GTFreeMaterials/Textures/wood_JFfantasyWoodPlanksNailedClean/wood_JFfantasyWoodPlanksNailedClean_2k_mask.uasset" 134
"../../../CainConsequence/Content/GTFreeMaterials/Materials/MasterMaterial.uasset" 135
"../../../CainConsequence/Content/GTFreeMaterials/Materials/Concrete_FlatSurface.uasset" 136
"../../../CainConsequence/Content/Generic_Scrap/Dumpster/Textures/Dumpster_Albedo.uasset" 137
"../../../CainConsequence/Content/Generic_Scrap/Dumpster/Textures/Dumpster_AO.uasset" 138
"../../../CainConsequence/Content/Generic_Scrap/Dumpster/Textures/Dumpster_Metalic.uasset" 139
"../../../CainConsequence/Content/Generic_Scrap/Dumpster/Textures/Dumpster_Normals.uasset" 140
"../../../CainConsequence/Content/Generic_Scrap/Dumpster/Textures/Dumpster_Roughness.uasset" 141
"../../../CainConsequence/Content/Generic_Scrap/Dumpster/Materials/Dumpster_Mat.uasset" 142
"../../../CainConsequence/Content/Generic_Scrap/Dumpster/Meshes/dumpster.uasset" 143
"../../../CainConsequence/Content/StarterContent/StarterContent/Props/SM_Door.uasset" 144
"../../../CainConsequence/Content/ThirdPerson/Meshes/firstAlleyMesh.uasset" 145
"../../../CainConsequence/Content/FirstPersonBP/Maps/firstAlley.umap" 146
"../../../Engine/Content/EditorResources/S_Actor.uasset" 147
"../../../Engine/Content/EditorResources/SceneManager.uasset" 148
"../../../Engine/Content/EditorResources/S_Emitter.uasset" 149
"../../../Engine/Content/EditorResources/S_FTest.uasset" 150
"../../../Engine/Content/EditorResources/Bad.uasset" 151
"../../../Engine/Content/EditorResources/Bkgnd.uasset" 152
"../../../Engine/Content/EditorResources/BkgndHi.uasset" 153
"../../../Engine/Content/EditorMeshes/EditorCube.uasset" 154
"../../../Engine/Content/EditorMeshes/EditorSphere.uasset" 155
"../../../Engine/Content/EditorMeshes/EditorPlane.uasset" 156
"../../../Engine/Content/EditorMeshes/EditorCylinder.uasset" 157
"../../../Engine/Content/EngineFonts/Roboto.uasset" 158
"../../../Engine/Content/Maps/Templates/Thumbnails/Default.uasset" 159
"../../../Engine/Content/Functions/Engine_MaterialFunctions01/Shading/PowerToRoughness.uasset" 160
"../../../Engine/Content/EngineMaterials/DefaultDiffuse.uasset" 161
"../../../Engine/Content/EngineMaterials/DefaultDeferredDecalMaterial.uasset" 162
"../../../Engine/Content/EngineMaterials/DefaultLightFunctionMaterial.uasset" 163
"../../../Engine/Content/Functions/Engine_MaterialFunctions02/Utility/BreakOutFloat2Components.uasset" 164
"../../../Engine/Content/EngineMaterials/DefaultPostProcessMaterial.uasset" 165
"../../../Engine/Content/EditorMaterials/Thumbnails/SkySphereMaterial.uasset" 166
"../../../Engine/Content/EditorMeshes/EditorSkySphere.uasset" 167
"../../../Engine/Content/EngineMaterials/Grid.uasset" 168
"../../../Engine/Content/EditorMaterials/Thumbnails/FloorPlaneMaterial.uasset" 169
"../../../Engine/Content/MapTemplates/Sky/DaylightAmbientCubemap.uasset" 170
"../../../Engine/Content/EditorMaterials/ParticleSystems/PSysThumbnail_NoImage.uasset" 171
"../../../Engine/Content/EditorMaterials/ParticleSystems/PSysThumbnail_OOD.uasset" 172
"../../../Engine/Content/EditorResources/S_DecalActorIcon.uasset" 173
"../../../Engine/Content/EditorLandscapeResources/LandscapeGizmo_Mat.uasset" 174
"../../../Engine/Content/EditorLandscapeResources/LandscapeGizmo_Mat_Copied.uasset" 175
"../../../Engine/Content/EditorLandscapeResources/LandscapeGizmoHeight_Mat.uasset" 176
"../../../Engine/Content/EditorLandscapeResources/DataLayer.uasset" 177
"../../../Engine/Content/EditorResources/S_Terrain.uasset" 178
"../../../Engine/Content/EditorLandscapeResources/SplineEditorMeshMat.uasset" 179
"../../../Engine/Content/EditorLandscapeResources/SplineEditorMesh.uasset" 180
"../../../Engine/Content/EngineResources/DefaultTexture.uasset" 181
"../../../Engine/Content/Functions/Engine_MaterialFunctions02/Texturing/ScreenAlignedUVs.uasset" 182
"../../../Engine/Content/EngineResources/WhiteSquareTexture.uasset" 183
"../../../Engine/Content/EngineMaterials/Widget3DPassThrough.uasset" 184
"../../../Engine/Content/EngineMaterials/Widget3DPassThrough_Translucent.uasset" 185
"../../../Engine/Content/EngineMaterials/Widget3DPassThrough_Translucent_OneSided.uasset" 186
"../../../Engine/Content/EngineMaterials/Widget3DPassThrough_Opaque.uasset" 187
"../../../Engine/Content/EngineMaterials/Widget3DPassThrough_Opaque_OneSided.uasset" 188
"../../../Engine/Content/EngineMaterials/Widget3DPassThrough_Masked.uasset" 189
"../../../Engine/Content/EngineMaterials/Widget3DPassThrough_Masked_OneSided.uasset" 190
"../../../Engine/Content/EditorResources/MatineeCam_D.uasset" 191
"../../../Engine/Content/EditorMaterials/MatineeCam_mat.uasset" 192
"../../../Engine/Content/EditorMeshes/MatineeCam_SM.uasset" 193
"../../../Engine/Content/Functions/Engine_MaterialFunctions02/Utility/Sign.uasset" 194
"../../../Engine/Content/Functions/Engine_MaterialFunctions02/Utility/Round.uasset" 195
"../../../Engine/Content/Functions/Engine_MaterialFunctions02/ExampleContent/Textures/flipbook.uasset" 196
"../../../Engine/Content/Functions/Engine_MaterialFunctions02/Texturing/FlipBook.uasset" 197
"../../../Engine/Content/EditorResources/T_EditorHelp.uasset" 198
"../../../Engine/Content/EditorMaterials/HelpActorMaterial.uasset" 199
"../../../Engine/Content/EditorResources/S_ExpoHeightFog.uasset" 200
"../../../Engine/Content/EditorResources/S_NavP.uasset" 201
"../../../Engine/Content/EditorResources/S_Player.uasset" 202
"../../../Engine/Content/EditorResources/LightIcons/SkyLight.uasset" 203
"../../../Engine/Content/EditorResources/S_WindDirectional.uasset" 204
"../../../Engine/Content/EngineDamageTypes/DmgTypeBP_Environmental.uasset" 205
"../../../Engine/Content/EditorResources/LightIcons/S_LightDirectional.uasset" 206
"../../../Engine/Content/EditorResources/LightIcons/S_LightDirectionalMove.uasset" 207
"../../../Engine/Content/EditorResources/LightIcons/S_LightPoint.uasset" 208
"../../../Engine/Content/EditorResources/LightIcons/S_LightPointMove.uasset" 209
"../../../Engine/Content/EditorResources/LightIcons/S_LightSpot.uasset" 210
"../../../Engine/Content/EditorResources/LightIcons/S_LightSpotMove.uasset" 211
"../../../Engine/Content/EditorResources/MatInstActSprite.uasset" 212
"../../../Engine/Content/EditorResources/AI/S_NavLink.uasset" 213
"../../../Engine/Content/EditorResources/S_Note.uasset" 214
"../../../Engine/Content/EngineMeshes/Sphere.uasset" 215
"../../../Engine/Content/EditorResources/S_ReflActorIcon.uasset" 216
"../../../Engine/Content/EditorResources/S_Thruster.uasset" 217
"../../../Engine/Content/EditorResources/S_RadForce.uasset" 218
"../../../Engine/Content/EditorMaterials/TargetIcon.uasset" 219
"../../../Engine/Content/EngineMaterials/DefaultTextMaterialOpaque.uasset" 220
"../../../Engine/Content/EditorResources/S_TextRenderActorIcon.uasset" 221
"../../../Engine/Content/EditorResources/S_Trigger.uasset" 222
"../../../Engine/Content/EditorResources/S_VectorFieldVol.uasset" 223
"../../../Engine/Content/EngineResources/GradientTexture0.uasset" 224
"../../../Engine/Content/EngineResources/Black.uasset" 225
"../../../Engine/Content/EditorMaterials/MatineeGroups/MAT_Groups_Float.uasset" 226
"../../../Engine/Content/EditorMaterials/MatineeGroups/MAT_Groups_Director.uasset" 227
"../../../Engine/Content/EditorMaterials/MatineeGroups/MAT_Groups_Event.uasset" 228
"../../../Engine/Content/EditorMaterials/MatineeGroups/MAT_Groups_Anim.uasset" 229
"../../../Engine/Content/EditorMaterials/MatineeGroups/MAT_Groups_Fade.uasset" 230
"../../../Engine/Content/EditorMaterials/MatineeGroups/MAT_Groups_Move.uasset" 231
"../../../Engine/Content/EditorMaterials/MatineeGroups/MAT_Groups_Slomo.uasset" 232
"../../../Engine/Content/EditorMaterials/MatineeGroups/MAT_ColorTrack.uasset" 233
"../../../Engine/Content/EditorMaterials/MAT_Groups_Toggle.uasset" 234
"../../../Engine/Content/EditorMaterials/MatineeGroups/MAT_Groups_AudioMaster.uasset" 235
"../../../Engine/Content/EditorMaterials/MatineeGroups/MAT_Groups_Sound.uasset" 236
"../../../Engine/Content/EditorMaterials/MatineeGroups/MAT_Groups_Vector.uasset" 237
"../../../Engine/Content/EditorMaterials/MAT_Groups_Visibility.uasset" 238
"../../../Engine/Content/EngineResources/DefaultTextureCube.uasset" 239
"../../../Engine/Content/EngineMeshes/Cylinder.uasset" 240
"../../../Engine/Content/EngineTireTypes/DefaultTireType.uasset" 241
"../../../Engine/Content/EngineResources/AICON-Red.uasset" 242
"../../../Engine/Content/EngineResources/AICON-Green.uasset" 243
"../../../Engine/Plugins/2D/Paper2D/Content/PlaceholderTextures/DummySpriteTexture.uasset" 244
"../../../Engine/Plugins/2D/Paper2D/Content/DefaultSpriteMaterial.uasset" 245
"../../../Engine/Plugins/2D/Paper2D/Content/MaskedUnlitSpriteMaterial.uasset" 246
"../../../Engine/Plugins/2D/Paper2D/Content/OpaqueUnlitSpriteMaterial.uasset" 247
"../../../Engine/Plugins/2D/Paper2D/Content/DummySprite.uasset" 248
"../../../Engine/Plugins/2D/Paper2D/Content/DefaultPaperTerrainMaterial.uasset" 249
"../../../Engine/Content/EditorSounds/Notifications/CompileSuccess.uasset" 250
"../../../Engine/Content/EditorSounds/Notifications/CompileStart_Cue.uasset" 251
"../../../Engine/Content/EditorSounds/Notifications/CompileSuccess_Cue.uasset" 252
"../../../Engine/Content/EditorSounds/Notifications/CompileFailed.uasset" 253
"../../../Engine/Content/EditorSounds/Notifications/CompileFailed_Cue.uasset" 254
"../../../Engine/Content/BufferVisualization/BaseColor.uasset" 255
"../../../Engine/Content/BufferVisualization/CustomDepth.uasset" 256
"../../../Engine/Content/Functions/Engine_MaterialFunctions02/Utility/MakeFloat2.uasset" 257
"../../../Engine/Content/Functions/Engine_MaterialFunctions02/Utility/MakeFloat3.uasset" 258
"../../../Engine/Content/EngineMaterials/MiniFont.uasset" 259
"../../../Engine/Content/BufferVisualization/CustomStencil.uasset" 260
"../../../Engine/Content/BufferVisualization/DecalMask.uasset" 261
"../../../Engine/Content/BufferVisualization/FinalImage.uasset" 262
"../../../Engine/Content/BufferVisualization/LightingModel.uasset" 263
"../../../Engine/Content/BufferVisualization/MaterialAO.uasset" 264
"../../../Engine/Content/BufferVisualization/Metallic.uasset" 265
"../../../Engine/Content/BufferVisualization/Opacity.uasset" 266
"../../../Engine/Content/BufferVisualization/Roughness.uasset" 267
"../../../Engine/Content/BufferVisualization/SceneColor.uasset" 268
"../../../Engine/Content/BufferVisualization/SceneDepth.uasset" 269
"../../../Engine/Content/BufferVisualization/SeparateTranslucencyRGB.uasset" 270
"../../../Engine/Content/BufferVisualization/SeparateTranslucencyA.uasset" 271
"../../../Engine/Content/BufferVisualization/Specular.uasset" 272
"../../../Engine/Content/BufferVisualization/SubsurfaceColor.uasset" 273
"../../../Engine/Content/BufferVisualization/WorldNormal.uasset" 274
"../../../Engine/Content/EngineMaterials/DefaultPhysicalMaterial.uasset" 275
"../../../Engine/Content/BufferVisualization/AmbientOcclusion.uasset" 276
"../../../Engine/Content/Functions/Engine_MaterialFunctions02/Utility/VectorLength.uasset" 277
"../../../Engine/Content/BufferVisualization/CustomDepthWorldUnits.uasset" 278
"../../../Engine/Content/BufferVisualization/SceneDepthWorldUnits.uasset" 279
"../../../Engine/Content/EngineMaterials/HighResolutionScreenshotMaskFunction.uasset" 280
"../../../Engine/Content/EngineMaterials/HighResScreenshot.uasset" 281
"../../../Engine/Content/EngineMaterials/HighResScreenshotMask.uasset" 282
"../../../Engine/Content/EngineMaterials/HighResScreenshotCaptureRegion.uasset" 283
"../../../Engine/Content/EngineDebugMaterials/WireframeMaterial.uasset" 284
"../../../Engine/Content/Functions/Engine_MaterialFunctions01/Shading/ConvertFromDiffSpec.uasset" 285
"../../../Engine/Content/EngineDebugMaterials/LevelColorationLitMaterial.uasset" 286
"../../../Engine/Content/EngineDebugMaterials/LevelColorationUnlitMaterial.uasset" 287
"../../../Engine/Content/EngineMaterials/DefaultWhiteGrid.uasset" 288
"../../../Engine/Content/EngineDebugMaterials/MAT_LevelColorationLitLightmapUV.uasset" 289
"../../../Engine/Content/EngineDebugMaterials/ShadedLevelColorationLitMaterial.uasset" 290
"../../../Engine/Content/EngineDebugMaterials/ShadedLevelColorationUnlitMateri.uasset" 291
"../../../Engine/Content/EngineDebugMaterials/VertexColorMaterial.uasset" 292
"../../../Engine/Content/EngineDebugMaterials/VertexColorViewMode_ColorOnly.uasset" 293
"../../../Engine/Content/EngineDebugMaterials/VertexColorViewMode_AlphaAsColor.uasset" 294
"../../../Engine/Content/EngineDebugMaterials/VertexColorViewMode_RedOnly.uasset" 295
"../../../Engine/Content/EngineDebugMaterials/VertexColorViewMode_GreenOnly.uasset" 296
"../../../Engine/Content/EngineDebugMaterials/VertexColorViewMode_BlueOnly.uasset" 297
"../../../Engine/Content/EngineMaterials/RemoveSurfaceMaterial.uasset" 298
"../../../Engine/Content/EngineDebugMaterials/DebugMeshMaterial.uasset" 299
"../../../Engine/Content/EngineMaterials/InvalidLightmapSettings.uasset" 300
"../../../Engine/Content/EngineMaterials/M_InvalidLightmapSettings.uasset" 301
"../../../Engine/Content/EditorMaterials/GizmoMaterial.uasset" 302
"../../../Engine/Content/EngineDebugMaterials/GeomMaterial.uasset" 303
"../../../Engine/Content/EngineMaterials/EditorBrushMaterial.uasset" 304
"../../../Engine/Content/EngineDebugMaterials/HeatmapGradient.uasset" 305
"../../../Engine/Content/EngineDebugMaterials/BoneWeightMaterial.uasset" 306
"../../../Engine/Content/EditorMaterials/PreviewShadowIndicator.uasset" 307
"../../../Engine/Content/EditorMaterials/PreviewShadowIndicatorMaterial.uasset" 308
"../../../Engine/Content/EditorMaterials/PhAT_JointLimitMaterial.uasset" 309
"../../../Engine/Content/EditorResources/BSPVertex.uasset" 310
"../../../Engine/Content/EngineMaterials/Good64x64TilingNoiseHighFreq.uasset" 311
"../../../Engine/Content/EngineMaterials/DefaultBokeh.uasset" 312
"../../../Engine/Content/EngineMaterials/PreintegratedSkinBRDF.uasset" 313
"../../../Engine/Content/EngineMaterials/WeightMapPlaceholderTexture.uasset" 314
"../../../Engine/Content/EngineFonts/RobotoTiny.uasset" 315
"../../../Engine/Content/Tutorial/Basics/LevelEditorAttract.uasset" 316
"../../../Engine/Content/Tutorial/Basics/TutorialAssets/icon_tab_Levels_40x.uasset" 317
"../../../Engine/Content/Tutorial/Basics/LevelEditorOverview.uasset" 318
"../../../Engine/Content/Tutorial/ContentIntroCurve.uasset" 319
"../../../Engine/Content/EditorMaterials/Cross.uasset" 320
"../../../Engine/Content/EditorMaterials/Cross_Mat.uasset" 321
"../../../Engine/Content/EditorMaterials/PhAT_BoneSelectedMaterial.uasset" 322
"../../../Engine/Content/EditorMaterials/PhAT_ElemSelectedMaterial.uasset" 323
"../../../Engine/Content/EditorMaterials/PhAT_NoCollisionMaterial.uasset" 324
"../../../Engine/Content/EditorMaterials/PhAT_UnselectedMaterial.uasset" 325
"../../../Engine/Content/EditorMaterials/Tick.uasset" 326
"../../../Engine/Content/EditorMaterials/Tick_Mat.uasset" 327
"../../../Engine/Content/EditorMaterials/WidgetGridVertexColorMaterial.uasset" 328
"../../../Engine/Content/EditorMaterials/WidgetGridVertexColorMaterial_Ma.uasset" 329
"../../../Engine/Content/EditorMaterials/WidgetMaterial.uasset" 330
"../../../Engine/Content/EditorMaterials/WidgetMaterial_Current.uasset" 331
"../../../Engine/Content/EditorMaterials/WidgetMaterial_X.uasset" 332
"../../../Engine/Content/EditorMaterials/WidgetMaterial_Y.uasset" 333
"../../../Engine/Content/EditorMaterials/WidgetMaterial_Z.uasset" 334
"../../../Engine/Content/EditorMaterials/WidgetVertexColorMaterial.uasset" 335
"../../../Engine/Content/EditorMaterials/CompositeARGBLayer.uasset" 336
"../../../Engine/Content/EditorMaterials/TilingAALineIntegral.uasset" 337
"../../../Engine/Content/EditorMaterials/TilingAALineBoxFiltered.uasset" 338
"../../../Engine/Content/EditorMaterials/TilingAADots.uasset" 339
"../../../Engine/Content/EditorMaterials/Cascade/CASC_Cross.uasset" 340
"../../../Engine/Content/EditorMaterials/Cascade/CASC_None.uasset" 341
"../../../Engine/Content/Functions/Engine_MaterialFunctions03/Blends/Blend_Screen.uasset" 342
"../../../Engine/Content/EditorMaterials/TilingAAGrid.uasset" 343
"../../../Engine/Content/EditorMaterials/LevelGridMaterial.uasset" 344
"../../../Engine/Content/EditorResources/SmallFont.uasset" 345
"../../../Engine/Content/EditorResources/S_KBSJoint.uasset" 346
"../../../Engine/Content/EditorResources/S_KHinge.uasset" 347
"../../../Engine/Content/EditorResources/S_KPrismatic.uasset" 348
"../../../Engine/Content/EditorResources/LightIcons/S_LightError.uasset" 349
"../../../Engine/Content/EditorResources/Spline/T_Loft_Spline.uasset" 350
"../../../Engine/Content/EngineMaterials/BlinkingCaret.uasset" 351
"../../../Engine/Content/EngineMaterials/DefaultNormal.uasset" 352
"../../../Engine/Content/EngineMaterials/Grid_N.uasset" 353
"../../../Engine/Content/EngineMaterials/LandscapeHolePhysicalMaterial.uasset" 354
"../../../Engine/Content/EngineMaterials/PaperDiffuse.uasset" 355
"../../../Engine/Content/EngineMaterials/PaperNormal.uasset" 356
"../../../Engine/Content/EngineMaterials/PhysMat_Rubber.uasset" 357
"../../../Engine/Content/EngineFonts/SmallFont.uasset" 358
"../../../Engine/Content/EngineFonts/TinyFont.uasset" 359
"../../../Engine/Content/EngineResources/StreamingPauseIcon.uasset" 360
"../../../Engine/Content/EngineResources/M_StreamingPause.uasset" 361
"../../../Engine/Content/EditorLandscapeResources/DefaultAlphaTexture.uasset" 362
"../../../Engine/Content/EditorResources/EmptyActor.uasset" 363
"../../../Engine/Content/BasicShapes/Cylinder.uasset" 364
"../../../Engine/Content/BasicShapes/Cone.uasset" 365
"../../../Engine/Content/EditorMaterials/MakeCompositeARGBLayer.uasset" 366
"../../../Engine/Content/EditorResources/LevelGrid1DStripes.uasset" 367
"../../../Engine/Content/EditorMaterials/TextureGridCascaded1D.uasset" 368
"../../../Engine/Content/EditorMaterials/TextureGridCascaded2D.uasset" 369
"../../../Engine/Content/EditorMaterials/LevelGridMaterial2.uasset" 370
"../../../CainConsequence/Content/StarterContent/Widget/DialogueWidget.uasset" 371
"../../../CainConsequence/Content/StarterContent/Data/BTS_Main1.uasset" 372
"../../../Engine/Content/ArtTools/RenderToTexture/Enums/RenderToTexture_Imposter_Enum.uasset" 373
"../../../Engine/Content/ArtTools/RenderToTexture/Enums/RenderToTexture_Flipbook_Enum.uasset" 374
"../../../Engine/Content/ArtTools/RenderToTexture/Enums/RenderToTexture_Enum.uasset" 375
"../../../CainConsequence/Content/StarterContent/Data/BTT_CloseDialogue1.uasset" 376
"../../../CainConsequence/Content/StarterContent/Dialogues/BTT_CloseDialogue2.uasset" 377
"../../../CainConsequence/Content/StarterContent/Dialogues/BTT_CloseDialogue3.uasset" 378
"../../../CainConsequence/Content/PoliceLight_Blueprint.uasset" 379
"../../../Engine/Content/EditorSounds/GamePreview/EndPlayInEditor.uasset" 380
"../../../Engine/Content/EditorSounds/GamePreview/EndPlayInEditor_Cue.uasset" 381
"../../../Engine/Content/ArtTools/RenderToTexture/Enums/EFloatTypes.uasset" 382
"../../../Engine/Content/ArtTools/RenderToTexture/Macros/RenderToTextureMacros.uasset" 383
"../../../CainConsequence/Content/FirstPerson/Textures/FirstPersonCrosshair.uasset" 384
"../../../CainConsequence/Content/FirstPersonBP/Blueprints/FirstPersonHUD.uasset" 385
"../../../CainConsequence/Content/FirstPersonBP/Blueprints/FirstPersonGameMode.uasset" 386
"../../../CainConsequence/Content/FirstPersonBP/Maps/C+C_Models/Models/maxresdefault.uasset" 387
"../../../CainConsequence/Content/FirstPersonBP/Maps/C+C_Models/Models/blinn1.uasset" 388
"../../../CainConsequence/Content/FirstPersonBP/Maps/C+C_Models/Models/stock-photo-9507821-pegboard.uasset" 389
"../../../CainConsequence/Content/FirstPersonBP/Maps/C+C_Models/Models/lambert2.uasset" 390
"../../../CainConsequence/Content/FirstPersonBP/Maps/C+C_Models/Models/url.uasset" 391
"../../../CainConsequence/Content/FirstPersonBP/Maps/C+C_Models/Models/lambert3.uasset" 392
"../../../CainConsequence/Content/FirstPersonBP/Maps/C+C_Models/Models/Shelf.uasset" 393
"../../../CainConsequence/Content/FirstPersonBP/Maps/C+C_Models/Models/lambert1.uasset" 394
"../../../CainConsequence/Content/FirstPersonBP/Maps/C+C_Models/Models/phong1.uasset" 395
"../../../CainConsequence/Content/FirstPersonBP/Maps/C+C_Models/Models/fridgeGame.uasset" 396
"../../../CainConsequence/Content/FirstPersonBP/Maps/C+C_Models/Models/lambert4.uasset" 397
"../../../CainConsequence/Content/FirstPersonBP/Maps/C+C_Models/Models/cashBox.uasset" 398
"../../../CainConsequence/Content/FirstPersonBP/Maps/C+C_Models/Models/lambert6.uasset" 399
"../../../CainConsequence/Content/FirstPersonBP/Maps/C+C_Models/Models/cashO.uasset" 400
"../../../CainConsequence/Content/GTFreeMaterials/Textures/Tile_Coloredtiles/Tile_ColoredTiles_2k_alb1.uasset" 401
"../../../CainConsequence/Content/GTFreeMaterials/Textures/Tile_Coloredtiles/Tile_ColoredTiles_2k_g.uasset" 402
"../../../CainConsequence/Content/GTFreeMaterials/Textures/Tile_Coloredtiles/Tile_ColoredTiles_2k_mask.uasset" 403
"../../../CainConsequence/Content/GTFreeMaterials/Textures/Tile_Coloredtiles/Tile_ColoredTiles_2k_n.uasset" 404
"../../../CainConsequence/Content/GTFreeMaterials/Materials/Tile_Coloredtiles.uasset" 405
"../../../CainConsequence/Content/FirstPerson/Meshes/Store_StaticMesh.uasset" 406
"../../../Engine/Content/Tutorial/BlueprintTutorials/TutorialAssets/Tutorial_BP_MacroLib.uasset" 407
"../../../CainConsequence/Content/FirstPerson/Meshes/glassDoor.uasset" 408
"../../../CainConsequence/Content/FirstPerson/Meshes/counterDoor_StaticMesh.uasset" 409
"../../../CainConsequence/Content/ThirdPerson/Meshes/RampMaterial.uasset" 410
"../../../CainConsequence/Content/FirstPerson/Meshes/counter_StaticMesh.uasset" 411
"../../../CainConsequence/Content/GTFreeMaterials/Textures/Concrete_Square/Concrete_Square_2k_alb.uasset" 412
"../../../CainConsequence/Content/GTFreeMaterials/Textures/Concrete_Square/Concrete_Square_2k_n.uasset" 413
"../../../CainConsequence/Content/GTFreeMaterials/Materials/Concrete_Square.uasset" 414
"../../../CainConsequence/Content/Textures/T_Rock_Smooth_Granite_D.uasset" 415
"../../../CainConsequence/Content/Textures/T_Rock_Smooth_Granite_Mat.uasset" 416
"../../../CainConsequence/Content/Textures/T_Brick_Cut_Stone_D.uasset" 417
"../../../CainConsequence/Content/Textures/T_Brick_Cut_Stone_N.uasset" 418
"../../../CainConsequence/Content/Textures/T_Brick_Cut_Stone_Mat.uasset" 419
"../../../CainConsequence/Content/StarterContent/StarterContent/Materials/M_Glass.uasset" 420
"../../../CainConsequence/Content/Materials_Pack/Content/Materials/Base_Colour.uasset" 421
"../../../Engine/Content/EditorBlueprintResources/ActorMacros.uasset" 422
"../../../CainConsequence/Content/Radio/radio_ao.uasset" 423
"../../../CainConsequence/Content/Radio/radio_mask.uasset" 424
"../../../CainConsequence/Content/Radio/radio_Nrm.uasset" 425
"../../../CainConsequence/Content/Radio/radio_specular.uasset" 426
"../../../CainConsequence/Content/Radio/RadioMat.uasset" 427
"../../../CainConsequence/Content/Radio/radio.uasset" 428
"../../../CainConsequence/Content/FirstPersonBP/Blueprints/radioMesh_Blueprint.uasset" 429
"../../../Engine/Content/EditorSounds/GamePreview/StartPlayInEditor.uasset" 430
"../../../Engine/Content/EditorSounds/GamePreview/StartPlayInEditor_Cue.uasset" 431
"../../../Engine/Content/EditorMaterials/GridMaterial.uasset" 432
"../../../Engine/Content/EditorMeshes/PhAT_FloorBox.uasset" 433
"../../../Engine/Content/EditorMaterials/AntialiasedGridFloor.uasset" 434
"../../../Engine/Content/EditorResources/TilePatine_D.uasset" 435
"../../../Engine/Content/EditorResources/TilePatine_N.uasset" 436
"../../../Engine/Content/EditorMaterials/PersonaFloorMat.uasset" 437
"../../../Engine/Content/Tutorial/BlueprintTutorials/TutorialAssets/Blueprint_64x.uasset" 438
"../../../Engine/Content/Tutorial/BlueprintTutorials/BlueprintEditorTutorial.uasset" 439
"../../../Engine/Content/Tutorial/BlueprintTutorials/LevelBlueprintEditorOverview.uasset" 440
"../../../Engine/Content/MobileResources/HUD/MobileHUDButton3.uasset" 441
"../../../Engine/Content/MobileResources/HUD/MobileHUDButton1_off.uasset" 442
"../../../Engine/Content/MobileResources/HUD/MobileHUDDirectionPad3.uasset" 443
"../../../Engine/Content/MobileResources/T_MobileMenu2.uasset" 444
"../../../Engine/Content/MobileResources/HUD/MobileHUDButton2_off.uasset" 445
"../../../Engine/Content/MobileResources/HUD/MobileHUDDirectionPad.uasset" 446
"../../../Engine/Content/MobileResources/HUD/T_Castle_ThumbstickInner.uasset" 447
"../../../Engine/Content/MobileResources/T_MobileControls_texture.uasset" 448
"../../../Engine/Content/MobileResources/HUD/AnalogHat.uasset" 449
"../../../Engine/Content/MobileResources/HUD/VirtualJoystick_Background.uasset" 450
"../../../Engine/Content/MobileResources/HUD/VirtualJoystick_Thumb.uasset" 451
"../../../Engine/Content/MobileResources/HUD/DefaultVirtualJoysticks.uasset" 452
"../../../Engine/Content/MobileResources/HUD/LeftVirtualJoystickOnly.uasset" 453
"../../../Engine/Content/MobileResources/HUD/MobileHUDButton1_on.uasset" 454
"../../../Engine/Content/MobileResources/HUD/MobileHUDButton2_on.uasset" 455
"../../../Engine/Content/MobileResources/HUD/MobileHUDButtonFire.uasset" 456
"../../../Engine/Content/MobileResources/HUD/MobileHUDDirectionPad2.uasset" 457
"../../../Engine/Content/MobileResources/HUD/MobileHUDDirectionStick.uasset" 458
"../../../Engine/Content/MobileResources/HUD/T_Castle_ThumbstickOutter.uasset" 459
